[ 2020-04-14T22:40:56+08:00 ] 127.0.0.1 /
INFO: [ app_init ] --START--
INFO: Run Behavior\BuildLiteBehavior [ RunTime:0.000022s ]
INFO: [ app_init ] --END-- [ RunTime:0.003512s ]
INFO: [ app_begin ] --START--
INFO: Run Behavior\ReadHtmlCacheBehavior [ RunTime:0.002551s ]
INFO: [ app_begin ] --END-- [ RunTime:0.002644s ]
INFO: [ view_parse ] --START--
INFO: [ template_filter ] --START--
INFO: Run Behavior\ContentReplaceBehavior [ RunTime:0.002363s ]
INFO: [ template_filter ] --END-- [ RunTime:0.002451s ]
INFO: Run Behavior\ParseTemplateBehavior [ RunTime:0.031088s ]
INFO: [ view_parse ] --END-- [ RunTime:0.031175s ]
INFO: [ view_filter ] --START--
INFO: Run Behavior\WriteHtmlCacheBehavior [ RunTime:0.002373s ]
INFO: [ view_filter ] --END-- [ RunTime:0.002444s ]

[ 2020-04-14T22:41:06+08:00 ] 127.0.0.1 /index.php/Home/Login/login.html
INFO: [ app_init ] --START--
INFO: Run Behavior\BuildLiteBehavior [ RunTime:0.000021s ]
INFO: [ app_init ] --END-- [ RunTime:0.001733s ]
INFO: [ app_begin ] --START--
INFO: Run Behavior\ReadHtmlCacheBehavior [ RunTime:0.002098s ]
INFO: [ app_begin ] --END-- [ RunTime:0.002183s ]
NOTIC: [8] Undefined offset: 0 D:\Works\PHPstudy\PHPTutorial\WWW\local.community.com\ThinkPHP\Library\Think\Db\Driver.class.php 第 113 行.
NOTIC: [8] Undefined offset: 0 D:\Works\PHPstudy\PHPTutorial\WWW\local.community.com\ThinkPHP\Library\Think\Db\Driver.class.php 第 113 行.
NOTIC: [8] Undefined offset: 0 D:\Works\PHPstudy\PHPTutorial\WWW\local.community.com\ThinkPHP\Library\Think\Db\Driver.class.php 第 113 行.
INFO: [ view_parse ] --START--
INFO: [ template_filter ] --START--
INFO: Run Behavior\ContentReplaceBehavior [ RunTime:0.005809s ]
INFO: [ template_filter ] --END-- [ RunTime:0.005899s ]
INFO: Run Behavior\ParseTemplateBehavior [ RunTime:0.022009s ]
INFO: [ view_parse ] --END-- [ RunTime:0.022090s ]
INFO: [ view_filter ] --START--
INFO: Run Behavior\WriteHtmlCacheBehavior [ RunTime:0.001601s ]
INFO: [ view_filter ] --END-- [ RunTime:0.001670s ]

[ 2020-04-14T22:41:10+08:00 ] 127.0.0.1 /index.php/Home/Login/Login/login
INFO: [ app_init ] --START--
INFO: Run Behavior\BuildLiteBehavior [ RunTime:0.000021s ]
INFO: [ app_init ] --END-- [ RunTime:0.001580s ]
INFO: [ app_begin ] --START--
INFO: Run Behavior\ReadHtmlCacheBehavior [ RunTime:0.002331s ]
INFO: [ app_begin ] --END-- [ RunTime:0.002428s ]
INFO: [ view_parse ] --START--
INFO: [ template_filter ] --START--
INFO: Run Behavior\ContentReplaceBehavior [ RunTime:0.000087s ]
INFO: [ template_filter ] --END-- [ RunTime:0.000165s ]
INFO: Run Behavior\ParseTemplateBehavior [ RunTime:0.016588s ]
INFO: [ view_parse ] --END-- [ RunTime:0.016669s ]
INFO: [ view_filter ] --START--
INFO: Run Behavior\WriteHtmlCacheBehavior [ RunTime:0.001711s ]
INFO: [ view_filter ] --END-- [ RunTime:0.001779s ]

[ 2020-04-14T22:42:53+08:00 ] 127.0.0.1 /index.php/Home/Login/login.html
INFO: [ app_init ] --START--
INFO: Run Behavior\BuildLiteBehavior [ RunTime:0.000021s ]
INFO: [ app_init ] --END-- [ RunTime:0.001749s ]
INFO: [ app_begin ] --START--
INFO: Run Behavior\ReadHtmlCacheBehavior [ RunTime:0.002614s ]
INFO: [ app_begin ] --END-- [ RunTime:0.002701s ]
NOTIC: [8] Undefined offset: 0 D:\Works\PHPstudy\PHPTutorial\WWW\local.community.com\ThinkPHP\Library\Think\Db\Driver.class.php 第 113 行.
NOTIC: [8] Undefined offset: 0 D:\Works\PHPstudy\PHPTutorial\WWW\local.community.com\ThinkPHP\Library\Think\Db\Driver.class.php 第 113 行.
NOTIC: [8] Undefined offset: 0 D:\Works\PHPstudy\PHPTutorial\WWW\local.community.com\ThinkPHP\Library\Think\Db\Driver.class.php 第 113 行.
INFO: [ view_parse ] --START--
INFO: [ template_filter ] --START--
INFO: Run Behavior\ContentReplaceBehavior [ RunTime:0.000063s ]
INFO: [ template_filter ] --END-- [ RunTime:0.000144s ]
INFO: Run Behavior\ParseTemplateBehavior [ RunTime:0.019315s ]
INFO: [ view_parse ] --END-- [ RunTime:0.019409s ]
INFO: [ view_filter ] --START--
INFO: Run Behavior\WriteHtmlCacheBehavior [ RunTime:0.001894s ]
INFO: [ view_filter ] --END-- [ RunTime:0.001971s ]

[ 2020-04-14T22:42:56+08:00 ] 127.0.0.1 /index.php/Home/Login/Login/login
INFO: [ app_init ] --START--
INFO: Run Behavior\BuildLiteBehavior [ RunTime:0.000022s ]
INFO: [ app_init ] --END-- [ RunTime:0.001736s ]
INFO: [ app_begin ] --START--
INFO: Run Behavior\ReadHtmlCacheBehavior [ RunTime:0.002135s ]
INFO: [ app_begin ] --END-- [ RunTime:0.002230s ]
INFO: [ view_parse ] --START--
INFO: [ template_filter ] --START--
INFO: Run Behavior\ContentReplaceBehavior [ RunTime:0.000157s ]
INFO: [ template_filter ] --END-- [ RunTime:0.000238s ]
INFO: Run Behavior\ParseTemplateBehavior [ RunTime:0.018959s ]
INFO: [ view_parse ] --END-- [ RunTime:0.019043s ]
INFO: [ view_filter ] --START--
INFO: Run Behavior\WriteHtmlCacheBehavior [ RunTime:0.003176s ]
INFO: [ view_filter ] --END-- [ RunTime:0.003255s ]

