[ 2020-02-14T15:19:42+08:00 ] 127.0.0.1 /index.php/index/admins
INFO: [ app_init ] --START--
INFO: Run Behavior\BuildLiteBehavior [ RunTime:0.000019s ]
INFO: [ app_init ] --END-- [ RunTime:0.000557s ]
ERR: 无法加载模块:Index

[ 2020-02-14T15:19:46+08:00 ] 127.0.0.1 /index.php/index
INFO: [ app_init ] --START--
INFO: Run Behavior\BuildLiteBehavior [ RunTime:0.000018s ]
INFO: [ app_init ] --END-- [ RunTime:0.000657s ]
ERR: 无法加载模块:Index

[ 2020-02-14T15:20:16+08:00 ] 127.0.0.1 /index.php/index/index
INFO: [ app_init ] --START--
INFO: Run Behavior\BuildLiteBehavior [ RunTime:0.000023s ]
INFO: [ app_init ] --END-- [ RunTime:0.000766s ]
ERR: 无法加载模块:Index

[ 2020-02-14T15:22:47+08:00 ] 127.0.0.1 /index.php/index
INFO: [ app_init ] --START--
INFO: Run Behavior\BuildLiteBehavior [ RunTime:0.000019s ]
INFO: [ app_init ] --END-- [ RunTime:0.000556s ]
ERR: 无法加载模块:Index

[ 2020-02-14T15:22:55+08:00 ] 127.0.0.1 /index.php/Public/css/layui.css
INFO: [ app_init ] --START--
INFO: Run Behavior\BuildLiteBehavior [ RunTime:0.000019s ]
INFO: [ app_init ] --END-- [ RunTime:0.000599s ]
ERR: 无法加载模块:Public

[ 2020-02-14T15:22:55+08:00 ] 127.0.0.1 /index.php/images/1.gif
INFO: [ app_init ] --START--
INFO: Run Behavior\BuildLiteBehavior [ RunTime:0.000023s ]
INFO: [ app_init ] --END-- [ RunTime:0.000630s ]
ERR: 无法加载模块:Images

[ 2020-02-14T15:22:55+08:00 ] 127.0.0.1 /index.php/Public/js/jquery-1.11.3.min.js
INFO: [ app_init ] --START--
INFO: Run Behavior\BuildLiteBehavior [ RunTime:0.000024s ]
INFO: [ app_init ] --END-- [ RunTime:0.001281s ]
ERR: 无法加载模块:Public

[ 2020-02-14T15:22:55+08:00 ] 127.0.0.1 /index.php/Public/myplugs/js/plugs.js
INFO: [ app_init ] --START--
INFO: Run Behavior\BuildLiteBehavior [ RunTime:0.000019s ]
INFO: [ app_init ] --END-- [ RunTime:0.000689s ]
ERR: 无法加载模块:Public

[ 2020-02-14T15:22:55+08:00 ] 127.0.0.1 /index.php/Public/js/layui.js
INFO: [ app_init ] --START--
INFO: Run Behavior\BuildLiteBehavior [ RunTime:0.000280s ]
INFO: [ app_init ] --END-- [ RunTime:0.001095s ]
ERR: 无法加载模块:Public

[ 2020-02-14T15:22:55+08:00 ] 127.0.0.1 /index.php/admins
INFO: [ app_init ] --START--
INFO: Run Behavior\BuildLiteBehavior [ RunTime:0.000018s ]
INFO: [ app_init ] --END-- [ RunTime:0.000528s ]
ERR: 无法加载模块:Admins

[ 2020-02-14T15:22:57+08:00 ] 127.0.0.1 /index.php/images/1.gif
INFO: [ app_init ] --START--
INFO: Run Behavior\BuildLiteBehavior [ RunTime:0.000024s ]
INFO: [ app_init ] --END-- [ RunTime:0.000644s ]
ERR: 无法加载模块:Images

[ 2020-02-14T15:22:57+08:00 ] 127.0.0.1 /index.php/Public/css/layui.css
INFO: [ app_init ] --START--
INFO: Run Behavior\BuildLiteBehavior [ RunTime:0.000019s ]
INFO: [ app_init ] --END-- [ RunTime:0.000809s ]
ERR: 无法加载模块:Public

[ 2020-02-14T15:22:57+08:00 ] 127.0.0.1 /index.php/Public/js/jquery-1.11.3.min.js
INFO: [ app_init ] --START--
INFO: Run Behavior\BuildLiteBehavior [ RunTime:0.000126s ]
INFO: [ app_init ] --END-- [ RunTime:0.001571s ]
ERR: 无法加载模块:Public

[ 2020-02-14T15:22:57+08:00 ] 127.0.0.1 /index.php/Public/myplugs/js/plugs.js
INFO: [ app_init ] --START--
INFO: Run Behavior\BuildLiteBehavior [ RunTime:0.000034s ]
INFO: [ app_init ] --END-- [ RunTime:0.001019s ]
ERR: 无法加载模块:Public

[ 2020-02-14T15:22:57+08:00 ] 127.0.0.1 /index.php/Public/js/layui.js
INFO: [ app_init ] --START--
INFO: Run Behavior\BuildLiteBehavior [ RunTime:0.000023s ]
INFO: [ app_init ] --END-- [ RunTime:0.000547s ]
ERR: 无法加载模块:Public

[ 2020-02-14T15:22:57+08:00 ] 127.0.0.1 /index.php/admins
INFO: [ app_init ] --START--
INFO: Run Behavior\BuildLiteBehavior [ RunTime:0.000025s ]
INFO: [ app_init ] --END-- [ RunTime:0.000921s ]
ERR: 无法加载模块:Admins

[ 2020-02-14T15:22:58+08:00 ] 127.0.0.1 /index.php/images/1.gif
INFO: [ app_init ] --START--
INFO: Run Behavior\BuildLiteBehavior [ RunTime:0.000020s ]
INFO: [ app_init ] --END-- [ RunTime:0.000614s ]
ERR: 无法加载模块:Images

[ 2020-02-14T15:22:58+08:00 ] 127.0.0.1 /index.php/Public/js/layui.js
INFO: [ app_init ] --START--
INFO: Run Behavior\BuildLiteBehavior [ RunTime:0.000026s ]
INFO: [ app_init ] --END-- [ RunTime:0.000779s ]
ERR: 无法加载模块:Public

[ 2020-02-14T15:22:58+08:00 ] 127.0.0.1 /index.php/Public/css/layui.css
INFO: [ app_init ] --START--
INFO: Run Behavior\BuildLiteBehavior [ RunTime:0.000020s ]
INFO: [ app_init ] --END-- [ RunTime:0.000785s ]
ERR: 无法加载模块:Public

[ 2020-02-14T15:22:58+08:00 ] 127.0.0.1 /index.php/Public/myplugs/js/plugs.js
INFO: [ app_init ] --START--
INFO: Run Behavior\BuildLiteBehavior [ RunTime:0.000033s ]
INFO: [ app_init ] --END-- [ RunTime:0.000811s ]
ERR: 无法加载模块:Public

[ 2020-02-14T15:22:58+08:00 ] 127.0.0.1 /index.php/admins
INFO: [ app_init ] --START--
INFO: Run Behavior\BuildLiteBehavior [ RunTime:0.000028s ]
INFO: [ app_init ] --END-- [ RunTime:0.000882s ]
ERR: 无法加载模块:Admins

[ 2020-02-14T15:22:58+08:00 ] 127.0.0.1 /index.php/Public/js/jquery-1.11.3.min.js
INFO: [ app_init ] --START--
INFO: Run Behavior\BuildLiteBehavior [ RunTime:0.000019s ]
INFO: [ app_init ] --END-- [ RunTime:0.000621s ]
ERR: 无法加载模块:Public

[ 2020-02-14T15:22:58+08:00 ] 127.0.0.1 /index.php/Public/myplugs/js/plugs.js
INFO: [ app_init ] --START--
INFO: Run Behavior\BuildLiteBehavior [ RunTime:0.000017s ]
INFO: [ app_init ] --END-- [ RunTime:0.000466s ]
ERR: 无法加载模块:Public

[ 2020-02-14T15:22:58+08:00 ] 127.0.0.1 /index.php/Public/js/layui.js
INFO: [ app_init ] --START--
INFO: Run Behavior\BuildLiteBehavior [ RunTime:0.000017s ]
INFO: [ app_init ] --END-- [ RunTime:0.000499s ]
ERR: 无法加载模块:Public

[ 2020-02-14T15:22:59+08:00 ] 127.0.0.1 /index.php/Public/css/layui.css
INFO: [ app_init ] --START--
INFO: Run Behavior\BuildLiteBehavior [ RunTime:0.000019s ]
INFO: [ app_init ] --END-- [ RunTime:0.000486s ]
ERR: 无法加载模块:Public

[ 2020-02-14T15:22:59+08:00 ] 127.0.0.1 /index.php/images/1.gif
INFO: [ app_init ] --START--
INFO: Run Behavior\BuildLiteBehavior [ RunTime:0.000022s ]
INFO: [ app_init ] --END-- [ RunTime:0.000847s ]
ERR: 无法加载模块:Images

[ 2020-02-14T15:22:59+08:00 ] 127.0.0.1 /index.php/Public/myplugs/js/plugs.js
INFO: [ app_init ] --START--
INFO: Run Behavior\BuildLiteBehavior [ RunTime:0.000021s ]
INFO: [ app_init ] --END-- [ RunTime:0.002756s ]
ERR: 无法加载模块:Public

[ 2020-02-14T15:22:59+08:00 ] 127.0.0.1 /index.php/Public/js/jquery-1.11.3.min.js
INFO: [ app_init ] --START--
INFO: Run Behavior\BuildLiteBehavior [ RunTime:0.000026s ]
INFO: [ app_init ] --END-- [ RunTime:0.000789s ]
ERR: 无法加载模块:Public

[ 2020-02-14T15:22:59+08:00 ] 127.0.0.1 /index.php/admins
INFO: [ app_init ] --START--
INFO: Run Behavior\BuildLiteBehavior [ RunTime:0.000022s ]
INFO: [ app_init ] --END-- [ RunTime:0.000549s ]
ERR: 无法加载模块:Admins

[ 2020-02-14T15:22:59+08:00 ] 127.0.0.1 /index.php/Public/js/layui.js
INFO: [ app_init ] --START--
INFO: Run Behavior\BuildLiteBehavior [ RunTime:0.000752s ]
INFO: [ app_init ] --END-- [ RunTime:0.002365s ]
ERR: 无法加载模块:Public

[ 2020-02-14T15:22:59+08:00 ] 127.0.0.1 /index.php/Public/myplugs/js/plugs.js
INFO: [ app_init ] --START--
INFO: Run Behavior\BuildLiteBehavior [ RunTime:0.000023s ]
INFO: [ app_init ] --END-- [ RunTime:0.000536s ]
ERR: 无法加载模块:Public

[ 2020-02-14T15:22:59+08:00 ] 127.0.0.1 /index.php/Public/js/layui.js
INFO: [ app_init ] --START--
INFO: Run Behavior\BuildLiteBehavior [ RunTime:0.000022s ]
INFO: [ app_init ] --END-- [ RunTime:0.000519s ]
ERR: 无法加载模块:Public

[ 2020-02-14T15:23:04+08:00 ] 127.0.0.1 /index.php/Public/css/layui.css
INFO: [ app_init ] --START--
INFO: Run Behavior\BuildLiteBehavior [ RunTime:0.000019s ]
INFO: [ app_init ] --END-- [ RunTime:0.000503s ]
ERR: 无法加载模块:Public

[ 2020-02-14T15:23:04+08:00 ] 127.0.0.1 /index.php/images/1.gif
INFO: [ app_init ] --START--
INFO: Run Behavior\BuildLiteBehavior [ RunTime:0.000021s ]
INFO: [ app_init ] --END-- [ RunTime:0.000627s ]
ERR: 无法加载模块:Images

[ 2020-02-14T15:23:04+08:00 ] 127.0.0.1 /index.php/Public/js/jquery-1.11.3.min.js
INFO: [ app_init ] --START--
INFO: Run Behavior\BuildLiteBehavior [ RunTime:0.000022s ]
INFO: [ app_init ] --END-- [ RunTime:0.000525s ]
ERR: 无法加载模块:Public

[ 2020-02-14T15:23:04+08:00 ] 127.0.0.1 /index.php/Public/myplugs/js/plugs.js
INFO: [ app_init ] --START--
INFO: Run Behavior\BuildLiteBehavior [ RunTime:0.000022s ]
INFO: [ app_init ] --END-- [ RunTime:0.000756s ]
ERR: 无法加载模块:Public

[ 2020-02-14T15:23:04+08:00 ] 127.0.0.1 /index.php/Public/js/layui.js
INFO: [ app_init ] --START--
INFO: Run Behavior\BuildLiteBehavior [ RunTime:0.000083s ]
INFO: [ app_init ] --END-- [ RunTime:0.001447s ]
ERR: 无法加载模块:Public

[ 2020-02-14T15:23:04+08:00 ] 127.0.0.1 /index.php/admins
INFO: [ app_init ] --START--
INFO: Run Behavior\BuildLiteBehavior [ RunTime:0.000028s ]
INFO: [ app_init ] --END-- [ RunTime:0.000740s ]
ERR: 无法加载模块:Admins

[ 2020-02-14T15:23:06+08:00 ] 127.0.0.1 /index.php/Public/js/jquery-1.11.3.min.js
INFO: [ app_init ] --START--
INFO: Run Behavior\BuildLiteBehavior [ RunTime:0.000019s ]
INFO: [ app_init ] --END-- [ RunTime:0.000577s ]
ERR: 无法加载模块:Public

[ 2020-02-14T15:23:06+08:00 ] 127.0.0.1 /index.php/Public/css/layui.css
INFO: [ app_init ] --START--
INFO: Run Behavior\BuildLiteBehavior [ RunTime:0.000028s ]
INFO: [ app_init ] --END-- [ RunTime:0.001093s ]
ERR: 无法加载模块:Public

[ 2020-02-14T15:23:06+08:00 ] 127.0.0.1 /index.php/Public/myplugs/js/plugs.js
INFO: [ app_init ] --START--
INFO: Run Behavior\BuildLiteBehavior [ RunTime:0.000019s ]
INFO: [ app_init ] --END-- [ RunTime:0.000585s ]
ERR: 无法加载模块:Public

[ 2020-02-14T15:23:06+08:00 ] 127.0.0.1 /index.php/Public/js/layui.js
INFO: [ app_init ] --START--
INFO: Run Behavior\BuildLiteBehavior [ RunTime:0.000020s ]
INFO: [ app_init ] --END-- [ RunTime:0.000622s ]
ERR: 无法加载模块:Public

[ 2020-02-14T15:23:06+08:00 ] 127.0.0.1 /index.php/images/1.gif
INFO: [ app_init ] --START--
INFO: Run Behavior\BuildLiteBehavior [ RunTime:0.000022s ]
INFO: [ app_init ] --END-- [ RunTime:0.000587s ]
ERR: 无法加载模块:Images

[ 2020-02-14T15:23:06+08:00 ] 127.0.0.1 /index.php/admins
INFO: [ app_init ] --START--
INFO: Run Behavior\BuildLiteBehavior [ RunTime:0.000019s ]
INFO: [ app_init ] --END-- [ RunTime:0.000498s ]
ERR: 无法加载模块:Admins

[ 2020-02-14T15:23:32+08:00 ] 127.0.0.1 /index.php/Public/css/layui.css
INFO: [ app_init ] --START--
INFO: Run Behavior\BuildLiteBehavior [ RunTime:0.000022s ]
INFO: [ app_init ] --END-- [ RunTime:0.000711s ]
ERR: 无法加载模块:Public

[ 2020-02-14T15:23:32+08:00 ] 127.0.0.1 /index.php/Public/js/jquery-1.11.3.min.js
INFO: [ app_init ] --START--
INFO: Run Behavior\BuildLiteBehavior [ RunTime:0.000018s ]
INFO: [ app_init ] --END-- [ RunTime:0.000483s ]
ERR: 无法加载模块:Public

[ 2020-02-14T15:23:32+08:00 ] 127.0.0.1 /index.php/images/1.gif
INFO: [ app_init ] --START--
INFO: Run Behavior\BuildLiteBehavior [ RunTime:0.000021s ]
INFO: [ app_init ] --END-- [ RunTime:0.000511s ]
ERR: 无法加载模块:Images

[ 2020-02-14T15:23:32+08:00 ] 127.0.0.1 /index.php/Public/myplugs/js/plugs.js
INFO: [ app_init ] --START--
INFO: Run Behavior\BuildLiteBehavior [ RunTime:0.000018s ]
INFO: [ app_init ] --END-- [ RunTime:0.000483s ]
ERR: 无法加载模块:Public

[ 2020-02-14T15:23:32+08:00 ] 127.0.0.1 /index.php/index/admins
INFO: [ app_init ] --START--
INFO: Run Behavior\BuildLiteBehavior [ RunTime:0.000019s ]
INFO: [ app_init ] --END-- [ RunTime:0.000586s ]
ERR: 无法加载模块:Index

[ 2020-02-14T15:23:32+08:00 ] 127.0.0.1 /index.php/Public/js/layui.js
INFO: [ app_init ] --START--
INFO: Run Behavior\BuildLiteBehavior [ RunTime:0.000022s ]
INFO: [ app_init ] --END-- [ RunTime:0.000560s ]
ERR: 无法加载模块:Public

[ 2020-02-14T15:23:33+08:00 ] 127.0.0.1 /index.php/Public/js/jquery-1.11.3.min.js
INFO: [ app_init ] --START--
INFO: Run Behavior\BuildLiteBehavior [ RunTime:0.000018s ]
INFO: [ app_init ] --END-- [ RunTime:0.000489s ]
ERR: 无法加载模块:Public

[ 2020-02-14T15:23:33+08:00 ] 127.0.0.1 /index.php/Public/css/layui.css
INFO: [ app_init ] --START--
INFO: Run Behavior\BuildLiteBehavior [ RunTime:0.000018s ]
INFO: [ app_init ] --END-- [ RunTime:0.000485s ]
ERR: 无法加载模块:Public

[ 2020-02-14T15:23:33+08:00 ] 127.0.0.1 /index.php/images/1.gif
INFO: [ app_init ] --START--
INFO: Run Behavior\BuildLiteBehavior [ RunTime:0.000023s ]
INFO: [ app_init ] --END-- [ RunTime:0.000964s ]
ERR: 无法加载模块:Images

[ 2020-02-14T15:23:33+08:00 ] 127.0.0.1 /index.php/Public/myplugs/js/plugs.js
INFO: [ app_init ] --START--
INFO: Run Behavior\BuildLiteBehavior [ RunTime:0.000020s ]
INFO: [ app_init ] --END-- [ RunTime:0.000617s ]
ERR: 无法加载模块:Public

[ 2020-02-14T15:23:33+08:00 ] 127.0.0.1 /index.php/Public/js/layui.js
INFO: [ app_init ] --START--
INFO: Run Behavior\BuildLiteBehavior [ RunTime:0.000022s ]
INFO: [ app_init ] --END-- [ RunTime:0.000555s ]
ERR: 无法加载模块:Public

[ 2020-02-14T15:23:33+08:00 ] 127.0.0.1 /index.php/index/admins
INFO: [ app_init ] --START--
INFO: Run Behavior\BuildLiteBehavior [ RunTime:0.000091s ]
INFO: [ app_init ] --END-- [ RunTime:0.001092s ]
ERR: 无法加载模块:Index

[ 2020-02-14T15:23:33+08:00 ] 127.0.0.1 /index.php/Public/myplugs/js/plugs.js
INFO: [ app_init ] --START--
INFO: Run Behavior\BuildLiteBehavior [ RunTime:0.000020s ]
INFO: [ app_init ] --END-- [ RunTime:0.000569s ]
ERR: 无法加载模块:Public

[ 2020-02-14T15:23:33+08:00 ] 127.0.0.1 /index.php/Public/js/layui.js
INFO: [ app_init ] --START--
INFO: Run Behavior\BuildLiteBehavior [ RunTime:0.000017s ]
INFO: [ app_init ] --END-- [ RunTime:0.000469s ]
ERR: 无法加载模块:Public

[ 2020-02-14T15:23:33+08:00 ] 127.0.0.1 /index.php/Public/css/layui.css
INFO: [ app_init ] --START--
INFO: Run Behavior\BuildLiteBehavior [ RunTime:0.000025s ]
INFO: [ app_init ] --END-- [ RunTime:0.000480s ]
ERR: 无法加载模块:Public

[ 2020-02-14T15:23:33+08:00 ] 127.0.0.1 /index.php/Public/js/jquery-1.11.3.min.js
INFO: [ app_init ] --START--
INFO: Run Behavior\BuildLiteBehavior [ RunTime:0.000019s ]
INFO: [ app_init ] --END-- [ RunTime:0.000519s ]
ERR: 无法加载模块:Public

[ 2020-02-14T15:23:33+08:00 ] 127.0.0.1 /index.php/Public/myplugs/js/plugs.js
INFO: [ app_init ] --START--
INFO: Run Behavior\BuildLiteBehavior [ RunTime:0.000023s ]
INFO: [ app_init ] --END-- [ RunTime:0.000803s ]
ERR: 无法加载模块:Public

[ 2020-02-14T15:23:33+08:00 ] 127.0.0.1 /index.php/Public/js/layui.js
INFO: [ app_init ] --START--
INFO: Run Behavior\BuildLiteBehavior [ RunTime:0.000021s ]
INFO: [ app_init ] --END-- [ RunTime:0.000979s ]
ERR: 无法加载模块:Public

[ 2020-02-14T15:23:33+08:00 ] 127.0.0.1 /index.php/index/admins
INFO: [ app_init ] --START--
INFO: Run Behavior\BuildLiteBehavior [ RunTime:0.000021s ]
INFO: [ app_init ] --END-- [ RunTime:0.000578s ]
ERR: 无法加载模块:Index

[ 2020-02-14T15:23:33+08:00 ] 127.0.0.1 /index.php/images/1.gif
INFO: [ app_init ] --START--
INFO: Run Behavior\BuildLiteBehavior [ RunTime:0.000028s ]
INFO: [ app_init ] --END-- [ RunTime:0.001530s ]
ERR: 无法加载模块:Images

[ 2020-02-14T15:23:52+08:00 ] 127.0.0.1 /index.php/Public/css/layui.css
INFO: [ app_init ] --START--
INFO: Run Behavior\BuildLiteBehavior [ RunTime:0.000017s ]
INFO: [ app_init ] --END-- [ RunTime:0.000482s ]
ERR: 无法加载模块:Public

[ 2020-02-14T15:23:52+08:00 ] 127.0.0.1 /index.php/Public/js/jquery-1.11.3.min.js
INFO: [ app_init ] --START--
INFO: Run Behavior\BuildLiteBehavior [ RunTime:0.000017s ]
INFO: [ app_init ] --END-- [ RunTime:0.000489s ]
ERR: 无法加载模块:Public

[ 2020-02-14T15:23:52+08:00 ] 127.0.0.1 /index.php/Public/myplugs/js/plugs.js
INFO: [ app_init ] --START--
INFO: Run Behavior\BuildLiteBehavior [ RunTime:0.000023s ]
INFO: [ app_init ] --END-- [ RunTime:0.000798s ]
ERR: 无法加载模块:Public

[ 2020-02-14T15:23:52+08:00 ] 127.0.0.1 /index.php/Public/js/layui.js
INFO: [ app_init ] --START--
INFO: Run Behavior\BuildLiteBehavior [ RunTime:0.000024s ]
INFO: [ app_init ] --END-- [ RunTime:0.002142s ]
ERR: 无法加载模块:Public

[ 2020-02-14T15:23:52+08:00 ] 127.0.0.1 /index.php/images/1.gif
INFO: [ app_init ] --START--
INFO: Run Behavior\BuildLiteBehavior [ RunTime:0.000021s ]
INFO: [ app_init ] --END-- [ RunTime:0.000833s ]
ERR: 无法加载模块:Images

[ 2020-02-14T15:24:35+08:00 ] 127.0.0.1 /index.php/index/index
INFO: [ app_init ] --START--
INFO: Run Behavior\BuildLiteBehavior [ RunTime:0.000021s ]
INFO: [ app_init ] --END-- [ RunTime:0.000483s ]
ERR: 无法加载模块:Index

[ 2020-02-14T15:35:10+08:00 ] 127.0.0.1 /index.php/index/index.html
INFO: [ app_init ] --START--
INFO: Run Behavior\BuildLiteBehavior [ RunTime:0.000019s ]
INFO: [ app_init ] --END-- [ RunTime:0.000633s ]
ERR: 无法加载模块:Index

[ 2020-02-14T16:10:38+08:00 ] 127.0.0.1 /Public/css/app.css
INFO: [ app_init ] --START--
INFO: Run Behavior\BuildLiteBehavior [ RunTime:0.000019s ]
INFO: [ app_init ] --END-- [ RunTime:0.000508s ]
ERR: 无法加载模块:Public

[ 2020-02-14T16:10:38+08:00 ] 127.0.0.1 /Public/assets/js/libs/jquery-1.10.2.min.js
INFO: [ app_init ] --START--
INFO: Run Behavior\BuildLiteBehavior [ RunTime:0.000041s ]
INFO: [ app_init ] --END-- [ RunTime:0.001313s ]
ERR: 无法加载模块:Public

[ 2020-02-14T16:12:12+08:00 ] 127.0.0.1 /Public/css/app.css
INFO: [ app_init ] --START--
INFO: Run Behavior\BuildLiteBehavior [ RunTime:0.000017s ]
INFO: [ app_init ] --END-- [ RunTime:0.000491s ]
ERR: 无法加载模块:Public

[ 2020-02-14T16:12:12+08:00 ] 127.0.0.1 /Public/assets/js/libs/jquery-1.10.2.min.js
INFO: [ app_init ] --START--
INFO: Run Behavior\BuildLiteBehavior [ RunTime:0.000018s ]
INFO: [ app_init ] --END-- [ RunTime:0.000501s ]
ERR: 无法加载模块:Public

[ 2020-02-14T18:19:38+08:00 ] 127.0.0.1 /index.php/Index/index.html
INFO: [ app_init ] --START--
INFO: Run Behavior\BuildLiteBehavior [ RunTime:0.000018s ]
INFO: [ app_init ] --END-- [ RunTime:0.000502s ]
ERR: 无法加载模块:Index

